07:46:33.597 [main] INFO  testCases.TC002_LoginTest - Validating Login successfull....
07:46:34.274 [main] INFO  testCases.TC002_LoginTest -  Clicked on the Logout.....
07:46:34.274 [main] INFO  testCases.TC002_LoginTest - ******** Finished Testcase TC002_LoginTest *****
08:43:20.801 [main] INFO  testCases.TC001_AccountRegistrationTest - ******** starting Testcase TC001_AccountRegistrationTest *****
08:43:20.952 [main] INFO  testCases.TC001_AccountRegistrationTest -  Clicked on the My Account.....
08:43:21.616 [main] INFO  testCases.TC001_AccountRegistrationTest -   Clicked on the the Register .....
08:43:21.652 [main] INFO  testCases.TC001_AccountRegistrationTest - Providing Customer details.....
08:43:24.986 [main] INFO  testCases.TC001_AccountRegistrationTest - Validating expected messgae.............
08:43:25.041 [main] INFO  testCases.TC001_AccountRegistrationTest - Finished Testcase TC001_AccountRegistrationTest
08:43:32.812 [main] INFO  testCases.TC002_LoginTest - ******** starting Testcase TC002_LoginTest *****
08:43:32.914 [main] INFO  testCases.TC002_LoginTest -  Clicked on the My Account.....
08:43:33.381 [main] INFO  testCases.TC002_LoginTest -  Clicked on the Login.....
08:43:33.383 [main] INFO  testCases.TC002_LoginTest - Providing Login detais........
08:43:34.628 [main] INFO  testCases.TC002_LoginTest - Validating Login successfull....
08:43:35.441 [main] INFO  testCases.TC002_LoginTest -  Clicked on the Logout.....
08:43:35.441 [main] INFO  testCases.TC002_LoginTest - ******** Finished Testcase TC002_LoginTest *****
08:54:22.580 [main] INFO  testCases.TC001_AccountRegistrationTest - ******** starting Testcase TC001_AccountRegistrationTest *****
08:54:22.699 [main] INFO  testCases.TC001_AccountRegistrationTest -  Clicked on the My Account.....
08:54:23.803 [main] INFO  testCases.TC001_AccountRegistrationTest -   Clicked on the the Register .....
08:54:23.840 [main] INFO  testCases.TC001_AccountRegistrationTest - Providing Customer details.....
08:54:27.808 [main] INFO  testCases.TC001_AccountRegistrationTest - Validating expected messgae.............
08:54:27.845 [main] INFO  testCases.TC001_AccountRegistrationTest - Finished Testcase TC001_AccountRegistrationTest
08:54:39.301 [main] INFO  testCases.TC002_LoginTest - ******** starting Testcase TC002_LoginTest *****
08:54:39.379 [main] INFO  testCases.TC002_LoginTest -  Clicked on the My Account.....
08:54:39.868 [main] INFO  testCases.TC002_LoginTest -  Clicked on the Login.....
08:54:39.869 [main] INFO  testCases.TC002_LoginTest - Providing Login detais........
08:54:40.969 [main] INFO  testCases.TC002_LoginTest - Validating Login successfull....
08:54:41.746 [main] INFO  testCases.TC002_LoginTest -  Clicked on the Logout.....
08:54:41.746 [main] INFO  testCases.TC002_LoginTest - ******** Finished Testcase TC002_LoginTest *****
09:04:45.410 [main] INFO  testCases.TC001_AccountRegistrationTest - ******** starting Testcase TC001_AccountRegistrationTest *****
09:04:45.541 [main] INFO  testCases.TC001_AccountRegistrationTest -  Clicked on the My Account.....
09:04:46.214 [main] INFO  testCases.TC001_AccountRegistrationTest -   Clicked on the the Register .....
09:04:46.256 [main] INFO  testCases.TC001_AccountRegistrationTest - Providing Customer details.....
09:04:49.269 [main] INFO  testCases.TC001_AccountRegistrationTest - Validating expected messgae.............
09:04:49.314 [main] INFO  testCases.TC001_AccountRegistrationTest - Finished Testcase TC001_AccountRegistrationTest
09:04:56.454 [main] INFO  testCases.TC002_LoginTest - ******** starting Testcase TC002_LoginTest *****
09:04:56.567 [main] INFO  testCases.TC002_LoginTest -  Clicked on the My Account.....
09:04:57.046 [main] INFO  testCases.TC002_LoginTest -  Clicked on the Login.....
09:04:57.048 [main] INFO  testCases.TC002_LoginTest - Providing Login detais........
09:04:58.173 [main] INFO  testCases.TC002_LoginTest - Validating Login successfull....
09:04:58.857 [main] INFO  testCases.TC002_LoginTest -  Clicked on the Logout.....
09:04:58.857 [main] INFO  testCases.TC002_LoginTest - ******** Finished Testcase TC002_LoginTest *****
09:10:19.836 [main] INFO  testCases.TC001_AccountRegistrationTest - ******** starting Testcase TC001_AccountRegistrationTest *****
09:10:24.933 [main] INFO  testCases.TC001_AccountRegistrationTest -  Clicked on the My Account.....
09:10:28.014 [main] INFO  testCases.TC001_AccountRegistrationTest -   Clicked on the the Register .....
09:10:32.829 [main] INFO  testCases.TC001_AccountRegistrationTest - Providing Customer details.....
09:20:34.909 [main] INFO  testCases.TC001_AccountRegistrationTest - ******** starting Testcase TC001_AccountRegistrationTest *****
09:20:35.085 [main] INFO  testCases.TC001_AccountRegistrationTest -  Clicked on the My Account.....
09:20:35.768 [main] INFO  testCases.TC001_AccountRegistrationTest -   Clicked on the the Register .....
09:20:35.795 [main] INFO  testCases.TC001_AccountRegistrationTest - Providing Customer details.....
