16:18:10.314 [main] INFO  testCases.TC001_AccountRegistrationTest - ******** starting Testcase TC001_AccountRegistrationTest *****
16:18:10.428 [main] INFO  testCases.TC001_AccountRegistrationTest -  Clicked on the My Account.....
16:18:11.149 [main] INFO  testCases.TC001_AccountRegistrationTest -   Clicked on the the Register .....
16:18:11.210 [main] INFO  testCases.TC001_AccountRegistrationTest - Providing Customer details.....
16:18:14.288 [main] INFO  testCases.TC001_AccountRegistrationTest - Validating expected messgae.............
16:18:14.336 [main] ERROR testCases.TC001_AccountRegistrationTest - Test Failed ....
16:18:14.336 [main] INFO  testCases.TC001_AccountRegistrationTest - Finished Testcase TC001_AccountRegistrationTest
17:02:30.853 [main] INFO  testCases.TC001_AccountRegistrationTest - ******** starting Testcase TC001_AccountRegistrationTest *****
17:02:31.229 [main] INFO  testCases.TC001_AccountRegistrationTest -  Clicked on the My Account.....
17:02:31.885 [main] INFO  testCases.TC001_AccountRegistrationTest -   Clicked on the the Register .....
17:02:31.935 [main] INFO  testCases.TC001_AccountRegistrationTest - Providing Customer details.....
17:02:36.251 [main] INFO  testCases.TC001_AccountRegistrationTest - Validating expected messgae.............
17:02:36.315 [main] INFO  testCases.TC001_AccountRegistrationTest - Finished Testcase TC001_AccountRegistrationTest
17:04:38.612 [main] INFO  testCases.TC001_AccountRegistrationTest - ******** starting Testcase TC001_AccountRegistrationTest *****
17:04:38.777 [main] INFO  testCases.TC001_AccountRegistrationTest -  Clicked on the My Account.....
17:04:39.573 [main] INFO  testCases.TC001_AccountRegistrationTest -   Clicked on the the Register .....
17:04:39.615 [main] INFO  testCases.TC001_AccountRegistrationTest - Providing Customer details.....
17:04:43.149 [main] INFO  testCases.TC001_AccountRegistrationTest - Validating expected messgae.............
17:04:43.221 [main] INFO  testCases.TC001_AccountRegistrationTest - Finished Testcase TC001_AccountRegistrationTest
17:18:03.605 [main] INFO  testCases.TC001_AccountRegistrationTest - ******** starting Testcase TC001_AccountRegistrationTest *****
17:18:03.741 [main] INFO  testCases.TC001_AccountRegistrationTest -  Clicked on the My Account.....
17:18:04.421 [main] INFO  testCases.TC001_AccountRegistrationTest -   Clicked on the the Register .....
17:18:04.466 [main] INFO  testCases.TC001_AccountRegistrationTest - Providing Customer details.....
17:18:08.192 [main] INFO  testCases.TC001_AccountRegistrationTest - Validating expected messgae.............
17:18:08.267 [main] INFO  testCases.TC001_AccountRegistrationTest - Finished Testcase TC001_AccountRegistrationTest
17:18:14.760 [main] INFO  testCases.TC001_AccountRegistrationTest - ******** starting Testcase TC001_AccountRegistrationTest *****
17:18:14.888 [main] INFO  testCases.TC001_AccountRegistrationTest -  Clicked on the My Account.....
17:18:15.683 [main] INFO  testCases.TC001_AccountRegistrationTest -   Clicked on the the Register .....
17:18:15.686 [main] INFO  testCases.TC001_AccountRegistrationTest - Providing Customer details.....
17:18:18.371 [main] INFO  testCases.TC001_AccountRegistrationTest - Validating expected messgae.............
17:18:18.415 [main] INFO  testCases.TC001_AccountRegistrationTest - Finished Testcase TC001_AccountRegistrationTest
17:18:28.130 [main] INFO  testCases.TC001_AccountRegistrationTest - ******** starting Testcase TC001_AccountRegistrationTest *****
17:18:28.424 [main] INFO  testCases.TC001_AccountRegistrationTest -  Clicked on the My Account.....
17:18:29.081 [main] INFO  testCases.TC001_AccountRegistrationTest -   Clicked on the the Register .....
17:18:29.084 [main] INFO  testCases.TC001_AccountRegistrationTest - Providing Customer details.....
17:18:31.117 [main] INFO  testCases.TC001_AccountRegistrationTest - Validating expected messgae.............
17:18:31.147 [main] INFO  testCases.TC001_AccountRegistrationTest - Finished Testcase TC001_AccountRegistrationTest
17:20:24.439 [TestNG-tests-1] INFO  testCases.TC001_AccountRegistrationTest - ******** starting Testcase TC001_AccountRegistrationTest *****
17:20:24.832 [TestNG-tests-1] INFO  testCases.TC001_AccountRegistrationTest -  Clicked on the My Account.....
17:20:25.751 [TestNG-tests-1] INFO  testCases.TC001_AccountRegistrationTest -   Clicked on the the Register .....
17:20:25.870 [TestNG-tests-1] INFO  testCases.TC001_AccountRegistrationTest - Providing Customer details.....
17:20:25.966 [TestNG-tests-2] INFO  testCases.TC001_AccountRegistrationTest - ******** starting Testcase TC001_AccountRegistrationTest *****
17:20:26.253 [TestNG-tests-2] INFO  testCases.TC001_AccountRegistrationTest -  Clicked on the My Account.....
17:20:27.170 [TestNG-tests-2] INFO  testCases.TC001_AccountRegistrationTest -   Clicked on the the Register .....
17:20:27.179 [TestNG-tests-2] INFO  testCases.TC001_AccountRegistrationTest - Providing Customer details.....
