09:57:23.080 [main] INFO  testCases.TC002_LoginTest - ******** starting Testcase TC002_LoginTest *****
09:57:23.182 [main] INFO  testCases.TC002_LoginTest -  Clicked on the My Account.....
09:57:23.669 [main] INFO  testCases.TC002_LoginTest -  Clicked on the Login.....
09:57:23.671 [main] INFO  testCases.TC002_LoginTest - Providing Login detais........
09:57:24.517 [main] INFO  testCases.TC002_LoginTest - Validating Login successfull....
09:57:34.598 [main] ERROR testCases.TC002_LoginTest - Test Failed ....
10:03:49.948 [main] INFO  testCases.TC001_AccountRegistrationTest - ******** starting Testcase TC001_AccountRegistrationTest *****
10:03:50.082 [main] INFO  testCases.TC001_AccountRegistrationTest -  Clicked on the My Account.....
10:03:50.826 [main] INFO  testCases.TC001_AccountRegistrationTest -   Clicked on the the Register .....
10:03:50.852 [main] INFO  testCases.TC001_AccountRegistrationTest - Providing Customer details.....
10:03:54.336 [main] INFO  testCases.TC001_AccountRegistrationTest - Validating expected messgae.............
10:03:54.381 [main] INFO  testCases.TC001_AccountRegistrationTest - Finished Testcase TC001_AccountRegistrationTest
10:04:01.650 [main] INFO  testCases.TC002_LoginTest - ******** starting Testcase TC002_LoginTest *****
10:04:01.755 [main] INFO  testCases.TC002_LoginTest -  Clicked on the My Account.....
10:04:02.272 [main] INFO  testCases.TC002_LoginTest -  Clicked on the Login.....
10:04:02.273 [main] INFO  testCases.TC002_LoginTest - Providing Login detais........
10:04:03.221 [main] INFO  testCases.TC002_LoginTest - Validating Login successfull....
10:04:13.247 [main] ERROR testCases.TC002_LoginTest - Test Failed ....
10:08:15.987 [main] INFO  testCases.TC001_AccountRegistrationTest - ******** starting Testcase TC001_AccountRegistrationTest *****
10:08:16.147 [main] INFO  testCases.TC001_AccountRegistrationTest -  Clicked on the My Account.....
10:08:16.860 [main] INFO  testCases.TC001_AccountRegistrationTest -   Clicked on the the Register .....
10:08:16.893 [main] INFO  testCases.TC001_AccountRegistrationTest - Providing Customer details.....
10:08:21.237 [main] INFO  testCases.TC001_AccountRegistrationTest - Validating expected messgae.............
10:08:21.304 [main] INFO  testCases.TC001_AccountRegistrationTest - Finished Testcase TC001_AccountRegistrationTest
10:08:28.586 [main] INFO  testCases.TC002_LoginTest - ******** starting Testcase TC002_LoginTest *****
10:08:28.688 [main] INFO  testCases.TC002_LoginTest -  Clicked on the My Account.....
10:08:29.176 [main] INFO  testCases.TC002_LoginTest -  Clicked on the Login.....
10:08:29.177 [main] INFO  testCases.TC002_LoginTest - Providing Login detais........
10:08:29.962 [main] INFO  testCases.TC002_LoginTest - Validating Login successfull....
10:08:40.066 [main] ERROR testCases.TC002_LoginTest - Test Failed ....
10:42:40.535 [main] INFO  testCases.TC001_AccountRegistrationTest - ******** starting Testcase TC001_AccountRegistrationTest *****
10:42:40.673 [main] INFO  testCases.TC001_AccountRegistrationTest -  Clicked on the My Account.....
10:42:41.449 [main] INFO  testCases.TC001_AccountRegistrationTest -   Clicked on the the Register .....
10:42:41.489 [main] INFO  testCases.TC001_AccountRegistrationTest - Providing Customer details.....
10:42:46.312 [main] INFO  testCases.TC001_AccountRegistrationTest - Validating expected messgae.............
10:42:46.365 [main] INFO  testCases.TC001_AccountRegistrationTest - Finished Testcase TC001_AccountRegistrationTest
10:42:54.113 [main] INFO  testCases.TC002_LoginTest - ******** starting Testcase TC002_LoginTest *****
10:42:54.240 [main] INFO  testCases.TC002_LoginTest -  Clicked on the My Account.....
10:42:54.676 [main] INFO  testCases.TC002_LoginTest -  Clicked on the Login.....
10:42:54.678 [main] INFO  testCases.TC002_LoginTest - Providing Login detais........
10:42:55.487 [main] INFO  testCases.TC002_LoginTest - Validating Login successfull....
10:43:05.536 [main] ERROR testCases.TC002_LoginTest - Test Failed ....
10:54:26.693 [main] INFO  testCases.TC001_AccountRegistrationTest - ******** starting Testcase TC001_AccountRegistrationTest *****
10:54:26.835 [main] INFO  testCases.TC001_AccountRegistrationTest -  Clicked on the My Account.....
10:54:27.519 [main] INFO  testCases.TC001_AccountRegistrationTest -   Clicked on the the Register .....
10:54:27.550 [main] INFO  testCases.TC001_AccountRegistrationTest - Providing Customer details.....
10:54:30.837 [main] INFO  testCases.TC001_AccountRegistrationTest - Validating expected messgae.............
10:54:30.881 [main] INFO  testCases.TC001_AccountRegistrationTest - Finished Testcase TC001_AccountRegistrationTest
10:54:37.883 [main] INFO  testCases.TC002_LoginTest - ******** starting Testcase TC002_LoginTest *****
10:54:37.978 [main] INFO  testCases.TC002_LoginTest -  Clicked on the My Account.....
10:54:38.459 [main] INFO  testCases.TC002_LoginTest -  Clicked on the Login.....
