18:32:53.189 [main] INFO  testCases.TC003_LoginTestDDT - **************** Starting TC003_LoginDDT***************
18:33:14.976 [main] INFO  testCases.TC003_LoginTestDDT - **************** Starting TC003_LoginDDT***************
18:33:18.005 [main] INFO  testCases.TC003_LoginTestDDT - **************** Finished TC003_LoginDDT***************
08:12:10.178 [main] INFO  testCases.TC001_AccountRegistrationTest - ******** starting Testcase TC001_AccountRegistrationTest *****
08:12:10.321 [main] INFO  testCases.TC001_AccountRegistrationTest -  Clicked on the My Account.....
08:12:11.034 [main] INFO  testCases.TC001_AccountRegistrationTest -   Clicked on the the Register .....
08:12:11.079 [main] INFO  testCases.TC001_AccountRegistrationTest - Providing Customer details.....
08:12:14.336 [main] INFO  testCases.TC001_AccountRegistrationTest - Validating expected messgae.............
08:12:14.388 [main] INFO  testCases.TC001_AccountRegistrationTest - Finished Testcase TC001_AccountRegistrationTest
08:12:21.896 [main] INFO  testCases.TC002_LoginTest - ******** starting Testcase TC002_LoginTest *****
08:12:22.104 [main] INFO  testCases.TC002_LoginTest -  Clicked on the My Account.....
08:12:22.597 [main] INFO  testCases.TC002_LoginTest -  Clicked on the Login.....
08:12:22.601 [main] INFO  testCases.TC002_LoginTest - Providing Login detais........
08:12:23.473 [main] INFO  testCases.TC002_LoginTest - Validating Login successfull....
08:12:33.514 [main] ERROR testCases.TC002_LoginTest - Test Failed ....
08:15:34.661 [main] INFO  testCases.TC001_AccountRegistrationTest - ******** starting Testcase TC001_AccountRegistrationTest *****
08:15:34.755 [main] INFO  testCases.TC001_AccountRegistrationTest -  Clicked on the My Account.....
08:15:35.479 [main] INFO  testCases.TC001_AccountRegistrationTest -   Clicked on the the Register .....
08:15:35.510 [main] INFO  testCases.TC001_AccountRegistrationTest - Providing Customer details.....
08:15:38.236 [main] INFO  testCases.TC001_AccountRegistrationTest - Validating expected messgae.............
08:15:38.292 [main] INFO  testCases.TC001_AccountRegistrationTest - Finished Testcase TC001_AccountRegistrationTest
08:15:42.539 [main] INFO  testCases.TC002_LoginTest - ******** starting Testcase TC002_LoginTest *****
08:15:42.636 [main] INFO  testCases.TC002_LoginTest -  Clicked on the My Account.....
08:15:43.070 [main] INFO  testCases.TC002_LoginTest -  Clicked on the Login.....
08:15:43.072 [main] INFO  testCases.TC002_LoginTest - Providing Login detais........
08:15:44.059 [main] INFO  testCases.TC002_LoginTest - Validating Login successfull....
08:15:44.737 [main] INFO  testCases.TC002_LoginTest -  Clicked on the Logout.....
08:15:44.737 [main] INFO  testCases.TC002_LoginTest - ******** Finished Testcase TC002_LoginTest *****
08:16:25.727 [main] INFO  testCases.TC001_AccountRegistrationTest - ******** starting Testcase TC001_AccountRegistrationTest *****
08:16:25.856 [main] INFO  testCases.TC001_AccountRegistrationTest -  Clicked on the My Account.....
08:16:26.540 [main] INFO  testCases.TC001_AccountRegistrationTest -   Clicked on the the Register .....
08:16:26.578 [main] INFO  testCases.TC001_AccountRegistrationTest - Providing Customer details.....
08:16:30.021 [main] INFO  testCases.TC001_AccountRegistrationTest - Validating expected messgae.............
08:16:30.072 [main] INFO  testCases.TC001_AccountRegistrationTest - Finished Testcase TC001_AccountRegistrationTest
08:16:34.011 [main] INFO  testCases.TC002_LoginTest - ******** starting Testcase TC002_LoginTest *****
08:16:34.111 [main] INFO  testCases.TC002_LoginTest -  Clicked on the My Account.....
08:16:34.516 [main] INFO  testCases.TC002_LoginTest -  Clicked on the Login.....
08:16:34.517 [main] INFO  testCases.TC002_LoginTest - Providing Login detais........
08:16:35.626 [main] INFO  testCases.TC002_LoginTest - Validating Login successfull....
08:16:36.295 [main] INFO  testCases.TC002_LoginTest -  Clicked on the Logout.....
08:16:36.295 [main] INFO  testCases.TC002_LoginTest - ******** Finished Testcase TC002_LoginTest *****
08:17:06.481 [main] INFO  testCases.TC001_AccountRegistrationTest - ******** starting Testcase TC001_AccountRegistrationTest *****
08:17:06.609 [main] INFO  testCases.TC001_AccountRegistrationTest -  Clicked on the My Account.....
08:17:07.407 [main] INFO  testCases.TC001_AccountRegistrationTest -   Clicked on the the Register .....
08:17:07.446 [main] INFO  testCases.TC001_AccountRegistrationTest - Providing Customer details.....
08:17:10.988 [main] INFO  testCases.TC001_AccountRegistrationTest - Validating expected messgae.............
08:17:11.055 [main] INFO  testCases.TC001_AccountRegistrationTest - Finished Testcase TC001_AccountRegistrationTest
08:17:15.113 [main] INFO  testCases.TC002_LoginTest - ******** starting Testcase TC002_LoginTest *****
08:17:15.238 [main] INFO  testCases.TC002_LoginTest -  Clicked on the My Account.....
08:17:15.688 [main] INFO  testCases.TC002_LoginTest -  Clicked on the Login.....
