12:19:47.188 [main] INFO  testCases.TC001_AccountRegistrationTest -  Clicked on the My Account.....
12:19:47.905 [main] INFO  testCases.TC001_AccountRegistrationTest -   Clicked on the the Register .....
12:19:47.943 [main] INFO  testCases.TC001_AccountRegistrationTest - Providing Customer details.....
12:19:53.312 [main] INFO  testCases.TC001_AccountRegistrationTest - Validating expected messgae.............
12:19:53.394 [main] INFO  testCases.TC001_AccountRegistrationTest - Finished Testcase TC001_AccountRegistrationTest
12:20:00.438 [main] INFO  testCases.TC002_LoginTest - ******** starting Testcase TC002_LoginTest *****
12:20:00.556 [main] INFO  testCases.TC002_LoginTest -  Clicked on the My Account.....
12:20:01.346 [main] INFO  testCases.TC002_LoginTest -  Clicked on the Login.....
12:20:01.349 [main] INFO  testCases.TC002_LoginTest - Providing Login detais........
12:20:03.455 [main] INFO  testCases.TC002_LoginTest - Validating Login successfull....
12:20:13.480 [main] ERROR testCases.TC002_LoginTest - Test Failed ....
12:24:57.609 [main] INFO  testCases.TC001_AccountRegistrationTest - ******** starting Testcase TC001_AccountRegistrationTest *****
12:24:57.783 [main] INFO  testCases.TC001_AccountRegistrationTest -  Clicked on the My Account.....
12:24:58.552 [main] INFO  testCases.TC001_AccountRegistrationTest -   Clicked on the the Register .....
12:24:58.584 [main] INFO  testCases.TC001_AccountRegistrationTest - Providing Customer details.....
12:25:04.477 [main] INFO  testCases.TC001_AccountRegistrationTest - Validating expected messgae.............
12:25:04.519 [main] INFO  testCases.TC001_AccountRegistrationTest - Finished Testcase TC001_AccountRegistrationTest
12:25:11.588 [main] INFO  testCases.TC002_LoginTest - ******** starting Testcase TC002_LoginTest *****
12:25:11.710 [main] INFO  testCases.TC002_LoginTest -  Clicked on the My Account.....
12:25:12.203 [main] INFO  testCases.TC002_LoginTest -  Clicked on the Login.....
12:25:12.205 [main] INFO  testCases.TC002_LoginTest - Providing Login detais........
12:25:12.921 [main] INFO  testCases.TC002_LoginTest - Validating Login successfull....
12:25:22.963 [main] ERROR testCases.TC002_LoginTest - Test Failed ....
12:31:51.848 [main] INFO  testCases.TC001_AccountRegistrationTest - ******** starting Testcase TC001_AccountRegistrationTest *****
12:31:51.999 [main] INFO  testCases.TC001_AccountRegistrationTest -  Clicked on the My Account.....
12:31:52.658 [main] INFO  testCases.TC001_AccountRegistrationTest -   Clicked on the the Register .....
12:31:52.695 [main] INFO  testCases.TC001_AccountRegistrationTest - Providing Customer details.....
12:31:57.808 [main] INFO  testCases.TC001_AccountRegistrationTest - Validating expected messgae.............
12:31:57.851 [main] INFO  testCases.TC001_AccountRegistrationTest - Finished Testcase TC001_AccountRegistrationTest
12:32:04.970 [main] INFO  testCases.TC002_LoginTest - ******** starting Testcase TC002_LoginTest *****
12:32:05.115 [main] INFO  testCases.TC002_LoginTest -  Clicked on the My Account.....
12:32:05.605 [main] INFO  testCases.TC002_LoginTest -  Clicked on the Login.....
12:32:05.606 [main] INFO  testCases.TC002_LoginTest - Providing Login detais........
12:32:06.352 [main] INFO  testCases.TC002_LoginTest - Validating Login successfull....
12:32:16.380 [main] ERROR testCases.TC002_LoginTest - Test Failed ....
12:36:48.281 [main] INFO  testCases.TC001_AccountRegistrationTest - ******** starting Testcase TC001_AccountRegistrationTest *****
12:36:48.432 [main] INFO  testCases.TC001_AccountRegistrationTest -  Clicked on the My Account.....
12:36:49.129 [main] INFO  testCases.TC001_AccountRegistrationTest -   Clicked on the the Register .....
12:36:49.160 [main] INFO  testCases.TC001_AccountRegistrationTest - Providing Customer details.....
12:36:52.372 [main] INFO  testCases.TC001_AccountRegistrationTest - Validating expected messgae.............
12:36:52.419 [main] INFO  testCases.TC001_AccountRegistrationTest - Finished Testcase TC001_AccountRegistrationTest
12:36:59.445 [main] INFO  testCases.TC002_LoginTest - ******** starting Testcase TC002_LoginTest *****
12:36:59.571 [main] INFO  testCases.TC002_LoginTest -  Clicked on the My Account.....
12:37:00.012 [main] INFO  testCases.TC002_LoginTest -  Clicked on the Login.....
12:37:00.013 [main] INFO  testCases.TC002_LoginTest - Providing Login detais........
12:37:00.824 [main] INFO  testCases.TC002_LoginTest - Validating Login successfull....
12:37:10.900 [main] ERROR testCases.TC002_LoginTest - Test Failed ....
18:32:07.474 [main] INFO  testCases.TC003_LoginTestDDT - **************** Starting TC003_LoginDDT***************
18:32:10.024 [main] INFO  testCases.TC003_LoginTestDDT - **************** Finished TC003_LoginDDT***************
18:32:10.048 [main] INFO  testCases.TC003_LoginTestDDT - **************** Starting TC003_LoginDDT***************
18:32:31.666 [main] INFO  testCases.TC003_LoginTestDDT - **************** Starting TC003_LoginDDT***************
