17:20:30.121 [TestNG-tests-3] INFO  testCases.TC001_AccountRegistrationTest - ******** starting Testcase TC001_AccountRegistrationTest *****
17:20:30.906 [TestNG-tests-3] INFO  testCases.TC001_AccountRegistrationTest -  Clicked on the My Account.....
17:20:32.009 [TestNG-tests-2] INFO  testCases.TC001_AccountRegistrationTest - Validating expected messgae.............
17:20:32.054 [TestNG-tests-1] INFO  testCases.TC001_AccountRegistrationTest - Validating expected messgae.............
17:20:32.113 [TestNG-tests-2] INFO  testCases.TC001_AccountRegistrationTest - Finished Testcase TC001_AccountRegistrationTest
17:20:32.180 [TestNG-tests-1] INFO  testCases.TC001_AccountRegistrationTest - Finished Testcase TC001_AccountRegistrationTest
17:20:32.418 [TestNG-tests-3] INFO  testCases.TC001_AccountRegistrationTest -   Clicked on the the Register .....
17:20:32.422 [TestNG-tests-3] INFO  testCases.TC001_AccountRegistrationTest - Providing Customer details.....
17:20:34.738 [TestNG-tests-3] INFO  testCases.TC001_AccountRegistrationTest - Validating expected messgae.............
17:20:34.760 [TestNG-tests-3] INFO  testCases.TC001_AccountRegistrationTest - Finished Testcase TC001_AccountRegistrationTest
18:01:03.457 [main] INFO  testCases.TC001_AccountRegistrationTest - ******** starting Testcase TC001_AccountRegistrationTest *****
18:01:03.573 [main] INFO  testCases.TC001_AccountRegistrationTest -  Clicked on the My Account.....
18:01:04.263 [main] INFO  testCases.TC001_AccountRegistrationTest -   Clicked on the the Register .....
18:01:04.296 [main] INFO  testCases.TC001_AccountRegistrationTest - Providing Customer details.....
18:01:07.474 [main] INFO  testCases.TC001_AccountRegistrationTest - Validating expected messgae.............
18:01:07.527 [main] INFO  testCases.TC001_AccountRegistrationTest - Finished Testcase TC001_AccountRegistrationTest
21:23:17.006 [main] INFO  testCases.TC001_AccountRegistrationTest - ******** starting Testcase TC001_AccountRegistrationTest *****
21:24:16.515 [main] INFO  testCases.TC001_AccountRegistrationTest -  Clicked on the My Account.....
21:24:17.920 [main] INFO  testCases.TC001_AccountRegistrationTest -   Clicked on the the Register .....
21:24:22.389 [main] INFO  testCases.TC001_AccountRegistrationTest - Providing Customer details.....
21:24:55.427 [main] INFO  testCases.TC001_AccountRegistrationTest - Validating expected messgae.............
07:52:23.825 [main] INFO  testCases.TC001_AccountRegistrationTest - ******** starting Testcase TC001_AccountRegistrationTest *****
07:52:24.003 [main] INFO  testCases.TC001_AccountRegistrationTest -  Clicked on the My Account.....
07:52:24.786 [main] INFO  testCases.TC001_AccountRegistrationTest -   Clicked on the the Register .....
07:52:24.843 [main] INFO  testCases.TC001_AccountRegistrationTest - Providing Customer details.....
07:54:46.369 [main] INFO  testCases.TC001_AccountRegistrationTest - Validating expected messgae.............
07:54:46.405 [main] INFO  testCases.TC001_AccountRegistrationTest - Finished Testcase TC001_AccountRegistrationTest
09:38:27.718 [main] INFO  testCases.TC002_LoginTest - ******** starting Testcase TC002_LoginTest *****
09:38:27.865 [main] INFO  testCases.TC002_LoginTest -  Clicked on the My Account.....
09:38:28.383 [main] INFO  testCases.TC002_LoginTest -  Clicked on the Login.....
09:38:28.384 [main] INFO  testCases.TC002_LoginTest - Providing Login detais........
09:40:52.564 [main] INFO  testCases.TC002_LoginTest - ******** starting Testcase TC002_LoginTest *****
09:41:09.177 [main] INFO  testCases.TC002_LoginTest -  Clicked on the My Account.....
09:41:28.510 [main] INFO  testCases.TC002_LoginTest -  Clicked on the Login.....
09:41:30.317 [main] INFO  testCases.TC002_LoginTest - Providing Login detais........
09:42:13.023 [main] INFO  testCases.TC002_LoginTest - ******** starting Testcase TC002_LoginTest *****
09:42:18.394 [main] INFO  testCases.TC002_LoginTest -  Clicked on the My Account.....
09:42:18.942 [main] INFO  testCases.TC002_LoginTest -  Clicked on the Login.....
09:42:18.949 [main] INFO  testCases.TC002_LoginTest - Providing Login detais........
09:44:11.624 [main] INFO  testCases.TC002_LoginTest - ******** starting Testcase TC002_LoginTest *****
09:44:15.273 [main] INFO  testCases.TC002_LoginTest -  Clicked on the My Account.....
09:44:15.734 [main] INFO  testCases.TC002_LoginTest -  Clicked on the Login.....
09:44:15.741 [main] INFO  testCases.TC002_LoginTest - Providing Login detais........
09:47:43.169 [main] INFO  testCases.TC002_LoginTest - ******** starting Testcase TC002_LoginTest *****
09:47:46.932 [main] INFO  testCases.TC002_LoginTest -  Clicked on the My Account.....
09:47:47.404 [main] INFO  testCases.TC002_LoginTest -  Clicked on the Login.....
09:47:47.410 [main] INFO  testCases.TC002_LoginTest - Providing Login detais........
09:48:07.767 [main] INFO  testCases.TC002_LoginTest - Validating Login successfull....
09:48:26.853 [main] INFO  testCases.TC002_LoginTest - ******** Finished Testcase TC002_LoginTest *****
