10:54:38.461 [main] INFO  testCases.TC002_LoginTest - Providing Login detais........
10:54:39.213 [main] INFO  testCases.TC002_LoginTest - Validating Login successfull....
10:54:49.272 [main] ERROR testCases.TC002_LoginTest - Test Failed ....
11:45:56.462 [main] INFO  testCases.TC001_AccountRegistrationTest - ******** starting Testcase TC001_AccountRegistrationTest *****
11:45:56.603 [main] INFO  testCases.TC001_AccountRegistrationTest -  Clicked on the My Account.....
11:45:57.257 [main] INFO  testCases.TC001_AccountRegistrationTest -   Clicked on the the Register .....
11:45:57.287 [main] INFO  testCases.TC001_AccountRegistrationTest - Providing Customer details.....
11:46:01.762 [main] INFO  testCases.TC001_AccountRegistrationTest - Validating expected messgae.............
11:46:01.822 [main] INFO  testCases.TC001_AccountRegistrationTest - Finished Testcase TC001_AccountRegistrationTest
11:46:08.844 [main] INFO  testCases.TC002_LoginTest - ******** starting Testcase TC002_LoginTest *****
11:46:08.972 [main] INFO  testCases.TC002_LoginTest -  Clicked on the My Account.....
11:46:09.447 [main] INFO  testCases.TC002_LoginTest -  Clicked on the Login.....
11:46:09.448 [main] INFO  testCases.TC002_LoginTest - Providing Login detais........
11:46:10.288 [main] INFO  testCases.TC002_LoginTest - Validating Login successfull....
11:46:20.337 [main] ERROR testCases.TC002_LoginTest - Test Failed ....
11:56:36.737 [main] INFO  testCases.TC001_AccountRegistrationTest - ******** starting Testcase TC001_AccountRegistrationTest *****
11:56:36.863 [main] INFO  testCases.TC001_AccountRegistrationTest -  Clicked on the My Account.....
11:56:37.529 [main] INFO  testCases.TC001_AccountRegistrationTest -   Clicked on the the Register .....
11:56:37.564 [main] INFO  testCases.TC001_AccountRegistrationTest - Providing Customer details.....
11:56:42.558 [main] INFO  testCases.TC001_AccountRegistrationTest - Validating expected messgae.............
11:56:42.610 [main] INFO  testCases.TC001_AccountRegistrationTest - Finished Testcase TC001_AccountRegistrationTest
11:56:49.967 [main] INFO  testCases.TC002_LoginTest - ******** starting Testcase TC002_LoginTest *****
11:56:50.073 [main] INFO  testCases.TC002_LoginTest -  Clicked on the My Account.....
11:56:50.568 [main] INFO  testCases.TC002_LoginTest -  Clicked on the Login.....
11:56:50.569 [main] INFO  testCases.TC002_LoginTest - Providing Login detais........
11:56:51.369 [main] INFO  testCases.TC002_LoginTest - Validating Login successfull....
11:57:01.427 [main] ERROR testCases.TC002_LoginTest - Test Failed ....
12:08:06.773 [main] INFO  testCases.TC001_AccountRegistrationTest - ******** starting Testcase TC001_AccountRegistrationTest *****
12:08:06.902 [main] INFO  testCases.TC001_AccountRegistrationTest -  Clicked on the My Account.....
12:08:07.562 [main] INFO  testCases.TC001_AccountRegistrationTest -   Clicked on the the Register .....
12:08:07.601 [main] INFO  testCases.TC001_AccountRegistrationTest - Providing Customer details.....
12:08:12.556 [main] INFO  testCases.TC001_AccountRegistrationTest - Validating expected messgae.............
12:08:12.610 [main] INFO  testCases.TC001_AccountRegistrationTest - Finished Testcase TC001_AccountRegistrationTest
12:08:19.844 [main] INFO  testCases.TC002_LoginTest - ******** starting Testcase TC002_LoginTest *****
12:08:19.948 [main] INFO  testCases.TC002_LoginTest -  Clicked on the My Account.....
12:08:20.403 [main] INFO  testCases.TC002_LoginTest -  Clicked on the Login.....
12:08:20.404 [main] INFO  testCases.TC002_LoginTest - Providing Login detais........
12:08:21.159 [main] INFO  testCases.TC002_LoginTest - Validating Login successfull....
12:08:31.193 [main] ERROR testCases.TC002_LoginTest - Test Failed ....
12:14:25.947 [main] INFO  testCases.TC001_AccountRegistrationTest - ******** starting Testcase TC001_AccountRegistrationTest *****
12:14:26.059 [main] INFO  testCases.TC001_AccountRegistrationTest -  Clicked on the My Account.....
12:14:26.903 [main] INFO  testCases.TC001_AccountRegistrationTest -   Clicked on the the Register .....
12:14:26.936 [main] INFO  testCases.TC001_AccountRegistrationTest - Providing Customer details.....
12:14:31.593 [main] INFO  testCases.TC001_AccountRegistrationTest - Validating expected messgae.............
12:14:31.642 [main] INFO  testCases.TC001_AccountRegistrationTest - Finished Testcase TC001_AccountRegistrationTest
12:14:38.712 [main] INFO  testCases.TC002_LoginTest - ******** starting Testcase TC002_LoginTest *****
12:14:38.835 [main] INFO  testCases.TC002_LoginTest -  Clicked on the My Account.....
12:14:39.310 [main] INFO  testCases.TC002_LoginTest -  Clicked on the Login.....
12:14:39.312 [main] INFO  testCases.TC002_LoginTest - Providing Login detais........
12:14:40.069 [main] INFO  testCases.TC002_LoginTest - Validating Login successfull....
12:14:50.155 [main] ERROR testCases.TC002_LoginTest - Test Failed ....
12:19:47.060 [main] INFO  testCases.TC001_AccountRegistrationTest - ******** starting Testcase TC001_AccountRegistrationTest *****
