16:50:53.693 [main] INFO  testCases.TC001_AccountRegistrationTest - Providing Customer details.....
16:50:57.487 [main] INFO  testCases.TC001_AccountRegistrationTest - Validating expected messgae.............
16:50:57.538 [main] INFO  testCases.TC001_AccountRegistrationTest - Finished Testcase TC001_AccountRegistrationTest
16:51:01.768 [main] INFO  testCases.TC002_LoginTest - ******** starting Testcase TC002_LoginTest *****
16:51:02.011 [main] INFO  testCases.TC002_LoginTest -  Clicked on the My Account.....
16:51:02.500 [main] INFO  testCases.TC002_LoginTest -  Clicked on the Login.....
16:51:02.506 [main] INFO  testCases.TC002_LoginTest - Providing Login detais........
16:51:04.020 [main] INFO  testCases.TC002_LoginTest - Validating Login successfull....
16:51:04.765 [main] INFO  testCases.TC002_LoginTest -  Clicked on the Logout.....
16:51:04.765 [main] INFO  testCases.TC002_LoginTest - ******** Finished Testcase TC002_LoginTest *****
17:25:07.927 [main] INFO  testCases.TC001_AccountRegistrationTest - ******** starting Testcase TC001_AccountRegistrationTest *****
17:25:08.056 [main] INFO  testCases.TC001_AccountRegistrationTest -  Clicked on the My Account.....
17:25:08.747 [main] INFO  testCases.TC001_AccountRegistrationTest -   Clicked on the the Register .....
17:25:08.780 [main] INFO  testCases.TC001_AccountRegistrationTest - Providing Customer details.....
17:25:11.936 [main] INFO  testCases.TC001_AccountRegistrationTest - Validating expected messgae.............
17:25:11.984 [main] INFO  testCases.TC001_AccountRegistrationTest - Finished Testcase TC001_AccountRegistrationTest
17:25:16.313 [main] INFO  testCases.TC002_LoginTest - ******** starting Testcase TC002_LoginTest *****
17:25:16.457 [main] INFO  testCases.TC002_LoginTest -  Clicked on the My Account.....
17:25:16.911 [main] INFO  testCases.TC002_LoginTest -  Clicked on the Login.....
17:25:16.913 [main] INFO  testCases.TC002_LoginTest - Providing Login detais........
17:25:18.097 [main] INFO  testCases.TC002_LoginTest - Validating Login successfull....
17:25:18.830 [main] INFO  testCases.TC002_LoginTest -  Clicked on the Logout.....
17:25:18.830 [main] INFO  testCases.TC002_LoginTest - ******** Finished Testcase TC002_LoginTest *****
18:30:07.357 [main] INFO  testCases.TC001_AccountRegistrationTest - ******** starting Testcase TC001_AccountRegistrationTest *****
18:30:07.559 [main] INFO  testCases.TC001_AccountRegistrationTest -  Clicked on the My Account.....
18:30:08.271 [main] INFO  testCases.TC001_AccountRegistrationTest -   Clicked on the the Register .....
18:30:08.308 [main] INFO  testCases.TC001_AccountRegistrationTest - Providing Customer details.....
18:30:11.535 [main] INFO  testCases.TC001_AccountRegistrationTest - Validating expected messgae.............
18:30:11.589 [main] INFO  testCases.TC001_AccountRegistrationTest - Finished Testcase TC001_AccountRegistrationTest
18:30:15.871 [main] INFO  testCases.TC002_LoginTest - ******** starting Testcase TC002_LoginTest *****
18:30:15.992 [main] INFO  testCases.TC002_LoginTest -  Clicked on the My Account.....
18:30:16.429 [main] INFO  testCases.TC002_LoginTest -  Clicked on the Login.....
18:30:16.430 [main] INFO  testCases.TC002_LoginTest - Providing Login detais........
18:30:17.630 [main] INFO  testCases.TC002_LoginTest - Validating Login successfull....
18:30:18.369 [main] INFO  testCases.TC002_LoginTest -  Clicked on the Logout.....
18:30:18.369 [main] INFO  testCases.TC002_LoginTest - ******** Finished Testcase TC002_LoginTest *****
18:44:13.330 [main] INFO  testCases.TC001_AccountRegistrationTest - ******** starting Testcase TC001_AccountRegistrationTest *****
18:44:13.453 [main] INFO  testCases.TC001_AccountRegistrationTest -  Clicked on the My Account.....
18:44:14.188 [main] INFO  testCases.TC001_AccountRegistrationTest -   Clicked on the the Register .....
18:44:14.225 [main] INFO  testCases.TC001_AccountRegistrationTest - Providing Customer details.....
18:44:17.102 [main] INFO  testCases.TC001_AccountRegistrationTest - Validating expected messgae.............
18:44:17.149 [main] INFO  testCases.TC001_AccountRegistrationTest - Finished Testcase TC001_AccountRegistrationTest
18:44:21.736 [main] INFO  testCases.TC002_LoginTest - ******** starting Testcase TC002_LoginTest *****
18:44:21.862 [main] INFO  testCases.TC002_LoginTest -  Clicked on the My Account.....
18:44:22.277 [main] INFO  testCases.TC002_LoginTest -  Clicked on the Login.....
18:44:22.280 [main] INFO  testCases.TC002_LoginTest - Providing Login detais........
18:44:23.418 [main] INFO  testCases.TC002_LoginTest - Validating Login successfull....
18:44:24.114 [main] INFO  testCases.TC002_LoginTest -  Clicked on the Logout.....
18:44:24.114 [main] INFO  testCases.TC002_LoginTest - ******** Finished Testcase TC002_LoginTest *****
18:45:06.971 [main] INFO  testCases.TC001_AccountRegistrationTest - ******** starting Testcase TC001_AccountRegistrationTest *****
18:45:07.103 [main] INFO  testCases.TC001_AccountRegistrationTest -  Clicked on the My Account.....
