08:17:15.689 [main] INFO  testCases.TC002_LoginTest - Providing Login detais........
08:17:16.867 [main] INFO  testCases.TC002_LoginTest - Validating Login successfull....
08:17:17.586 [main] INFO  testCases.TC002_LoginTest -  Clicked on the Logout.....
08:17:17.586 [main] INFO  testCases.TC002_LoginTest - ******** Finished Testcase TC002_LoginTest *****
08:23:46.790 [TestNG-tests-1] INFO  testCases.TC001_AccountRegistrationTest - ******** starting Testcase TC001_AccountRegistrationTest *****
08:23:48.818 [TestNG-tests-2] INFO  testCases.TC001_AccountRegistrationTest - ******** starting Testcase TC001_AccountRegistrationTest *****
08:23:48.932 [TestNG-tests-1] INFO  testCases.TC001_AccountRegistrationTest -  Clicked on the My Account.....
08:23:49.066 [TestNG-tests-2] INFO  testCases.TC001_AccountRegistrationTest -  Clicked on the My Account.....
14:44:33.605 [main] INFO  testCases.TC001_AccountRegistrationTest - ******** starting Testcase TC001_AccountRegistrationTest *****
14:44:33.759 [main] INFO  testCases.TC001_AccountRegistrationTest -  Clicked on the My Account.....
14:44:34.421 [main] INFO  testCases.TC001_AccountRegistrationTest -   Clicked on the the Register .....
14:44:34.475 [main] INFO  testCases.TC001_AccountRegistrationTest - Providing Customer details.....
14:44:37.514 [main] INFO  testCases.TC001_AccountRegistrationTest - Validating expected messgae.............
14:44:37.578 [main] INFO  testCases.TC001_AccountRegistrationTest - Finished Testcase TC001_AccountRegistrationTest
14:44:41.757 [main] INFO  testCases.TC002_LoginTest - ******** starting Testcase TC002_LoginTest *****
14:44:41.854 [main] INFO  testCases.TC002_LoginTest -  Clicked on the My Account.....
14:44:42.292 [main] INFO  testCases.TC002_LoginTest -  Clicked on the Login.....
14:44:42.295 [main] INFO  testCases.TC002_LoginTest - Providing Login detais........
14:44:43.430 [main] INFO  testCases.TC002_LoginTest - Validating Login successfull....
14:44:44.152 [main] INFO  testCases.TC002_LoginTest -  Clicked on the Logout.....
14:44:44.152 [main] INFO  testCases.TC002_LoginTest - ******** Finished Testcase TC002_LoginTest *****
15:26:52.910 [main] INFO  testCases.TC001_AccountRegistrationTest - ******** starting Testcase TC001_AccountRegistrationTest *****
15:26:53.031 [main] INFO  testCases.TC001_AccountRegistrationTest -  Clicked on the My Account.....
15:26:53.722 [main] INFO  testCases.TC001_AccountRegistrationTest -   Clicked on the the Register .....
15:26:53.761 [main] INFO  testCases.TC001_AccountRegistrationTest - Providing Customer details.....
15:26:56.849 [main] INFO  testCases.TC001_AccountRegistrationTest - Validating expected messgae.............
15:26:56.914 [main] INFO  testCases.TC001_AccountRegistrationTest - Finished Testcase TC001_AccountRegistrationTest
15:27:01.104 [main] INFO  testCases.TC002_LoginTest - ******** starting Testcase TC002_LoginTest *****
15:27:01.205 [main] INFO  testCases.TC002_LoginTest -  Clicked on the My Account.....
15:27:01.673 [main] INFO  testCases.TC002_LoginTest -  Clicked on the Login.....
15:27:01.674 [main] INFO  testCases.TC002_LoginTest - Providing Login detais........
15:27:02.846 [main] INFO  testCases.TC002_LoginTest - Validating Login successfull....
15:27:03.543 [main] INFO  testCases.TC002_LoginTest -  Clicked on the Logout.....
15:27:03.543 [main] INFO  testCases.TC002_LoginTest - ******** Finished Testcase TC002_LoginTest *****
16:49:23.841 [main] INFO  testCases.TC001_AccountRegistrationTest - ******** starting Testcase TC001_AccountRegistrationTest *****
16:49:24.019 [main] INFO  testCases.TC001_AccountRegistrationTest -  Clicked on the My Account.....
16:49:24.713 [main] INFO  testCases.TC001_AccountRegistrationTest -   Clicked on the the Register .....
16:49:24.756 [main] INFO  testCases.TC001_AccountRegistrationTest - Providing Customer details.....
16:49:28.495 [main] INFO  testCases.TC001_AccountRegistrationTest - Validating expected messgae.............
16:49:28.541 [main] INFO  testCases.TC001_AccountRegistrationTest - Finished Testcase TC001_AccountRegistrationTest
16:49:32.938 [main] INFO  testCases.TC002_LoginTest - ******** starting Testcase TC002_LoginTest *****
16:49:33.040 [main] INFO  testCases.TC002_LoginTest -  Clicked on the My Account.....
16:49:33.481 [main] INFO  testCases.TC002_LoginTest -  Clicked on the Login.....
16:49:33.482 [main] INFO  testCases.TC002_LoginTest - Providing Login detais........
16:49:34.597 [main] INFO  testCases.TC002_LoginTest - Validating Login successfull....
16:49:35.278 [main] INFO  testCases.TC002_LoginTest -  Clicked on the Logout.....
16:49:35.278 [main] INFO  testCases.TC002_LoginTest - ******** Finished Testcase TC002_LoginTest *****
16:50:52.719 [main] INFO  testCases.TC001_AccountRegistrationTest - ******** starting Testcase TC001_AccountRegistrationTest *****
16:50:52.950 [main] INFO  testCases.TC001_AccountRegistrationTest -  Clicked on the My Account.....
16:50:53.655 [main] INFO  testCases.TC001_AccountRegistrationTest -   Clicked on the the Register .....
