09:20:38.524 [main] INFO  testCases.TC001_AccountRegistrationTest - Validating expected messgae.............
09:20:38.568 [main] INFO  testCases.TC001_AccountRegistrationTest - Finished Testcase TC001_AccountRegistrationTest
09:20:45.486 [main] INFO  testCases.TC002_LoginTest - ******** starting Testcase TC002_LoginTest *****
09:20:45.601 [main] INFO  testCases.TC002_LoginTest -  Clicked on the My Account.....
09:20:46.025 [main] INFO  testCases.TC002_LoginTest -  Clicked on the Login.....
09:20:46.026 [main] INFO  testCases.TC002_LoginTest - Providing Login detais........
09:20:47.093 [main] INFO  testCases.TC002_LoginTest - Validating Login successfull....
09:20:47.765 [main] INFO  testCases.TC002_LoginTest -  Clicked on the Logout.....
09:20:47.769 [main] INFO  testCases.TC002_LoginTest - ******** Finished Testcase TC002_LoginTest *****
09:25:08.307 [main] INFO  testCases.TC001_AccountRegistrationTest - ******** starting Testcase TC001_AccountRegistrationTest *****
09:25:08.456 [main] INFO  testCases.TC001_AccountRegistrationTest -  Clicked on the My Account.....
09:25:09.235 [main] INFO  testCases.TC001_AccountRegistrationTest -   Clicked on the the Register .....
09:25:09.270 [main] INFO  testCases.TC001_AccountRegistrationTest - Providing Customer details.....
09:25:12.924 [main] INFO  testCases.TC001_AccountRegistrationTest - Validating expected messgae.............
09:25:12.987 [main] INFO  testCases.TC001_AccountRegistrationTest - Finished Testcase TC001_AccountRegistrationTest
09:25:20.488 [main] INFO  testCases.TC002_LoginTest - ******** starting Testcase TC002_LoginTest *****
09:25:20.584 [main] INFO  testCases.TC002_LoginTest -  Clicked on the My Account.....
09:25:21.078 [main] INFO  testCases.TC002_LoginTest -  Clicked on the Login.....
09:25:21.080 [main] INFO  testCases.TC002_LoginTest - Providing Login detais........
09:25:22.036 [main] INFO  testCases.TC002_LoginTest - Validating Login successfull....
09:25:32.114 [main] ERROR testCases.TC002_LoginTest - Test Failed ....
09:30:12.462 [main] INFO  testCases.TC001_AccountRegistrationTest - ******** starting Testcase TC001_AccountRegistrationTest *****
09:30:12.585 [main] INFO  testCases.TC001_AccountRegistrationTest -  Clicked on the My Account.....
09:30:13.745 [main] INFO  testCases.TC001_AccountRegistrationTest -   Clicked on the the Register .....
09:30:13.771 [main] INFO  testCases.TC001_AccountRegistrationTest - Providing Customer details.....
09:30:17.728 [main] INFO  testCases.TC001_AccountRegistrationTest - Validating expected messgae.............
09:30:17.765 [main] INFO  testCases.TC001_AccountRegistrationTest - Finished Testcase TC001_AccountRegistrationTest
09:30:28.749 [main] INFO  testCases.TC002_LoginTest - ******** starting Testcase TC002_LoginTest *****
09:30:28.844 [main] INFO  testCases.TC002_LoginTest -  Clicked on the My Account.....
09:30:29.393 [main] INFO  testCases.TC002_LoginTest -  Clicked on the Login.....
09:30:29.395 [main] INFO  testCases.TC002_LoginTest - Providing Login detais........
09:30:30.282 [main] INFO  testCases.TC002_LoginTest - Validating Login successfull....
09:30:51.683 [main] ERROR testCases.TC002_LoginTest - Test Failed ....
09:32:07.945 [main] INFO  testCases.TC001_AccountRegistrationTest - ******** starting Testcase TC001_AccountRegistrationTest *****
09:32:08.090 [main] INFO  testCases.TC001_AccountRegistrationTest -  Clicked on the My Account.....
09:32:08.795 [main] INFO  testCases.TC001_AccountRegistrationTest -   Clicked on the the Register .....
09:32:08.825 [main] INFO  testCases.TC001_AccountRegistrationTest - Providing Customer details.....
09:32:13.998 [main] INFO  testCases.TC001_AccountRegistrationTest - Validating expected messgae.............
09:32:14.048 [main] INFO  testCases.TC001_AccountRegistrationTest - Finished Testcase TC001_AccountRegistrationTest
09:32:20.872 [main] INFO  testCases.TC002_LoginTest - ******** starting Testcase TC002_LoginTest *****
09:32:20.990 [main] INFO  testCases.TC002_LoginTest -  Clicked on the My Account.....
09:32:21.462 [main] INFO  testCases.TC002_LoginTest -  Clicked on the Login.....
09:32:21.463 [main] INFO  testCases.TC002_LoginTest - Providing Login detais........
09:32:22.290 [main] INFO  testCases.TC002_LoginTest - Validating Login successfull....
09:32:32.340 [main] ERROR testCases.TC002_LoginTest - Test Failed ....
09:57:10.219 [main] INFO  testCases.TC001_AccountRegistrationTest - ******** starting Testcase TC001_AccountRegistrationTest *****
09:57:10.444 [main] INFO  testCases.TC001_AccountRegistrationTest -  Clicked on the My Account.....
09:57:11.148 [main] INFO  testCases.TC001_AccountRegistrationTest -   Clicked on the the Register .....
09:57:11.193 [main] INFO  testCases.TC001_AccountRegistrationTest - Providing Customer details.....
09:57:15.767 [main] INFO  testCases.TC001_AccountRegistrationTest - Validating expected messgae.............
09:57:15.816 [main] INFO  testCases.TC001_AccountRegistrationTest - Finished Testcase TC001_AccountRegistrationTest
