13:51:05.320 [main] INFO  testCases.TC001_AccountRegistrationTest - ******** starting Testcase TC001_AccountRegistrationTest *****
13:51:05.492 [main] INFO  testCases.TC001_AccountRegistrationTest -  Clicked on the My Account.....
13:51:06.178 [main] INFO  testCases.TC001_AccountRegistrationTest -   Clicked on the the Register .....
13:51:06.241 [main] INFO  testCases.TC001_AccountRegistrationTest - Providing Customer details.....
13:51:52.630 [main] INFO  testCases.TC001_AccountRegistrationTest - Validating expected messgae.............
13:51:52.679 [main] INFO  testCases.TC001_AccountRegistrationTest - Finished Testcase TC001_AccountRegistrationTest
05:34:03.796 [main] INFO  testCases.TC003_LoginTestDDT - **************** Starting TC003_LoginDDT***************
05:34:04.581 [main] INFO  testCases.TC003_LoginTestDDT - **************** Starting TC003_LoginDDT***************
05:34:05.143 [main] INFO  testCases.TC003_LoginTestDDT - **************** Starting TC003_LoginDDT***************
05:34:05.679 [main] INFO  testCases.TC003_LoginTestDDT - **************** Starting TC003_LoginDDT***************
05:34:06.274 [main] INFO  testCases.TC003_LoginTestDDT - **************** Starting TC003_LoginDDT***************
05:34:51.764 [main] INFO  testCases.TC003_LoginTestDDT - **************** Starting TC003_LoginDDT***************
05:36:55.189 [main] INFO  testCases.TC003_LoginTestDDT - **************** Starting TC003_LoginDDT***************
05:37:44.431 [main] INFO  testCases.TC003_LoginTestDDT - **************** Finished TC003_LoginDDT***************
05:37:51.618 [main] INFO  testCases.TC003_LoginTestDDT - **************** Starting TC003_LoginDDT***************
05:38:38.746 [main] INFO  testCases.TC003_LoginTestDDT - **************** Starting TC003_LoginDDT***************
05:39:17.086 [main] INFO  testCases.TC003_LoginTestDDT - **************** Starting TC003_LoginDDT***************
05:39:32.567 [main] INFO  testCases.TC003_LoginTestDDT - **************** Starting TC003_LoginDDT***************
05:39:34.913 [main] INFO  testCases.TC003_LoginTestDDT - **************** Finished TC003_LoginDDT***************
05:39:34.920 [main] INFO  testCases.TC003_LoginTestDDT - **************** Starting TC003_LoginDDT***************
05:39:56.215 [main] INFO  testCases.TC003_LoginTestDDT - **************** Starting TC003_LoginDDT***************
05:40:17.659 [main] INFO  testCases.TC003_LoginTestDDT - **************** Starting TC003_LoginDDT***************
05:40:39.344 [main] INFO  testCases.TC003_LoginTestDDT - **************** Starting TC003_LoginDDT***************
05:40:42.468 [main] INFO  testCases.TC003_LoginTestDDT - **************** Finished TC003_LoginDDT***************
17:05:22.920 [main] INFO  testCases.TC001_AccountRegistrationTest - ******** starting Testcase TC001_AccountRegistrationTest *****
17:05:23.093 [main] INFO  testCases.TC001_AccountRegistrationTest -  Clicked on the My Account.....
17:05:23.758 [main] INFO  testCases.TC001_AccountRegistrationTest -   Clicked on the the Register .....
17:05:23.797 [main] INFO  testCases.TC001_AccountRegistrationTest - Providing Customer details.....
17:05:27.467 [main] INFO  testCases.TC001_AccountRegistrationTest - Validating expected messgae.............
17:05:27.518 [main] INFO  testCases.TC001_AccountRegistrationTest - Finished Testcase TC001_AccountRegistrationTest
17:05:35.074 [main] INFO  testCases.TC002_LoginTest - ******** starting Testcase TC002_LoginTest *****
17:05:35.252 [main] INFO  testCases.TC002_LoginTest -  Clicked on the My Account.....
17:05:35.698 [main] INFO  testCases.TC002_LoginTest -  Clicked on the Login.....
17:05:35.700 [main] INFO  testCases.TC002_LoginTest - Providing Login detais........
17:05:36.851 [main] INFO  testCases.TC002_LoginTest - Validating Login successfull....
17:05:37.528 [main] INFO  testCases.TC002_LoginTest -  Clicked on the Logout.....
17:05:37.528 [main] INFO  testCases.TC002_LoginTest - ******** Finished Testcase TC002_LoginTest *****
06:16:52.637 [main] INFO  testCases.TC002_LoginTest - ******** starting Testcase TC002_LoginTest *****
06:16:52.788 [main] INFO  testCases.TC002_LoginTest -  Clicked on the My Account.....
06:16:53.216 [main] INFO  testCases.TC002_LoginTest -  Clicked on the Login.....
06:16:53.217 [main] INFO  testCases.TC002_LoginTest - Providing Login detais........
06:16:54.294 [main] INFO  testCases.TC002_LoginTest - Validating Login successfull....
06:16:54.965 [main] INFO  testCases.TC002_LoginTest -  Clicked on the Logout.....
06:16:54.965 [main] INFO  testCases.TC002_LoginTest - ******** Finished Testcase TC002_LoginTest *****
07:46:31.874 [main] INFO  testCases.TC002_LoginTest - ******** starting Testcase TC002_LoginTest *****
07:46:32.040 [main] INFO  testCases.TC002_LoginTest -  Clicked on the My Account.....
07:46:32.492 [main] INFO  testCases.TC002_LoginTest -  Clicked on the Login.....
07:46:32.494 [main] INFO  testCases.TC002_LoginTest - Providing Login detais........
